Analysis & Synthesis report for CPU_e2
Wed Jul 07 00:28:45 2021
Quartus II 64-Bit Version 13.0.1 Build 232 06/12/2013 Service Pack 1 SJ Full Version


---------------------
; Table of Contents ;
---------------------
  1. Legal Notice
  2. Analysis & Synthesis Summary
  3. Analysis & Synthesis Settings
  4. Parallel Compilation
  5. Analysis & Synthesis Source Files Read
  6. Analysis & Synthesis Resource Usage Summary
  7. Analysis & Synthesis Resource Utilization by Entity
  8. Analysis & Synthesis RAM Summary
  9. Analysis & Synthesis IP Cores Summary
 10. User-Specified and Inferred Latches
 11. Registers Removed During Synthesis
 12. General Register Statistics
 13. Inverted Register Statistics
 14. Multiplexer Restructuring Statistics (Restructuring Performed)
 15. Source assignments for CPU:inst8|ROM_IR_8bit:inst8|ROM_IR:inst1|altsyncram:altsyncram_component|altsyncram_re71:auto_generated
 16. Parameter Settings for User Entity Instance: CPU:inst8|ROM_IR_8bit:inst8|ROM_IR:inst1|altsyncram:altsyncram_component
 17. altsyncram Parameter Settings by Entity Instance
 18. Elapsed Time Per Partition
 19. Analysis & Synthesis Messages



----------------
; Legal Notice ;
----------------
Copyright (C) 1991-2013 Altera Corporation
Your use of Altera Corporation's design tools, logic functions 
and other software and tools, and its AMPP partner logic 
functions, and any output files from any of the foregoing 
(including device programming or simulation files), and any 
associated documentation or information are expressly subject 
to the terms and conditions of the Altera Program License 
Subscription Agreement, Altera MegaCore Function License 
Agreement, or other applicable license agreement, including, 
without limitation, that your use is for the sole purpose of 
programming logic devices manufactured by Altera and sold by 
Altera or its authorized distributors.  Please refer to the 
applicable agreement for further details.



+---------------------------------------------------------------------------------------+
; Analysis & Synthesis Summary                                                          ;
+------------------------------------+--------------------------------------------------+
; Analysis & Synthesis Status        ; Successful - Wed Jul 07 00:28:45 2021            ;
; Quartus II 64-Bit Version          ; 13.0.1 Build 232 06/12/2013 SP 1 SJ Full Version ;
; Revision Name                      ; CPU_e2                                           ;
; Top-level Entity Name              ; CPU_e2                                           ;
; Family                             ; Cyclone II                                       ;
; Total logic elements               ; 305                                              ;
;     Total combinational functions  ; 280                                              ;
;     Dedicated logic registers      ; 46                                               ;
; Total registers                    ; 46                                               ;
; Total pins                         ; 135                                              ;
; Total virtual pins                 ; 0                                                ;
; Total memory bits                  ; 128                                              ;
; Embedded Multiplier 9-bit elements ; 0                                                ;
; Total PLLs                         ; 0                                                ;
+------------------------------------+--------------------------------------------------+


+----------------------------------------------------------------------------------------------------------------------+
; Analysis & Synthesis Settings                                                                                        ;
+----------------------------------------------------------------------------+--------------------+--------------------+
; Option                                                                     ; Setting            ; Default Value      ;
+----------------------------------------------------------------------------+--------------------+--------------------+
; Device                                                                     ; EP2C35F672C6       ;                    ;
; Top-level entity name                                                      ; CPU_e2             ; CPU_e2             ;
; Family name                                                                ; Cyclone II         ; Cyclone IV GX      ;
; Use smart compilation                                                      ; Off                ; Off                ;
; Enable parallel Assembler and TimeQuest Timing Analyzer during compilation ; On                 ; On                 ;
; Enable compact report table                                                ; Off                ; Off                ;
; Restructure Multiplexers                                                   ; Auto               ; Auto               ;
; Create Debugging Nodes for IP Cores                                        ; Off                ; Off                ;
; Preserve fewer node names                                                  ; On                 ; On                 ;
; Disable OpenCore Plus hardware evaluation                                  ; Off                ; Off                ;
; Verilog Version                                                            ; Verilog_2001       ; Verilog_2001       ;
; VHDL Version                                                               ; VHDL_1993          ; VHDL_1993          ;
; State Machine Processing                                                   ; Auto               ; Auto               ;
; Safe State Machine                                                         ; Off                ; Off                ;
; Extract Verilog State Machines                                             ; On                 ; On                 ;
; Extract VHDL State Machines                                                ; On                 ; On                 ;
; Ignore Verilog initial constructs                                          ; Off                ; Off                ;
; Iteration limit for constant Verilog loops                                 ; 5000               ; 5000               ;
; Iteration limit for non-constant Verilog loops                             ; 250                ; 250                ;
; Add Pass-Through Logic to Inferred RAMs                                    ; On                 ; On                 ;
; Infer RAMs from Raw Logic                                                  ; On                 ; On                 ;
; Parallel Synthesis                                                         ; On                 ; On                 ;
; DSP Block Balancing                                                        ; Auto               ; Auto               ;
; NOT Gate Push-Back                                                         ; On                 ; On                 ;
; Power-Up Don't Care                                                        ; On                 ; On                 ;
; Remove Redundant Logic Cells                                               ; Off                ; Off                ;
; Remove Duplicate Registers                                                 ; On                 ; On                 ;
; Ignore CARRY Buffers                                                       ; Off                ; Off                ;
; Ignore CASCADE Buffers                                                     ; Off                ; Off                ;
; Ignore GLOBAL Buffers                                                      ; Off                ; Off                ;
; Ignore ROW GLOBAL Buffers                                                  ; Off                ; Off                ;
; Ignore LCELL Buffers                                                       ; Off                ; Off                ;
; Ignore SOFT Buffers                                                        ; On                 ; On                 ;
; Limit AHDL Integers to 32 Bits                                             ; Off                ; Off                ;
; Optimization Technique                                                     ; Balanced           ; Balanced           ;
; Carry Chain Length                                                         ; 70                 ; 70                 ;
; Auto Carry Chains                                                          ; On                 ; On                 ;
; Auto Open-Drain Pins                                                       ; On                 ; On                 ;
; Perform WYSIWYG Primitive Resynthesis                                      ; Off                ; Off                ;
; Auto ROM Replacement                                                       ; On                 ; On                 ;
; Auto RAM Replacement                                                       ; On                 ; On                 ;
; Auto Shift Register Replacement                                            ; Auto               ; Auto               ;
; Allow Shift Register Merging across Hierarchies                            ; Auto               ; Auto               ;
; Auto Clock Enable Replacement                                              ; On                 ; On                 ;
; Strict RAM Replacement                                                     ; Off                ; Off                ;
; Allow Synchronous Control Signals                                          ; On                 ; On                 ;
; Force Use of Synchronous Clear Signals                                     ; Off                ; Off                ;
; Auto RAM to Logic Cell Conversion                                          ; Off                ; Off                ;
; Auto Resource Sharing                                                      ; Off                ; Off                ;
; Allow Any RAM Size For Recognition                                         ; Off                ; Off                ;
; Allow Any ROM Size For Recognition                                         ; Off                ; Off                ;
; Allow Any Shift Register Size For Recognition                              ; Off                ; Off                ;
; Use LogicLock Constraints during Resource Balancing                        ; On                 ; On                 ;
; Ignore translate_off and synthesis_off directives                          ; Off                ; Off                ;
; Timing-Driven Synthesis                                                    ; Off                ; Off                ;
; Report Parameter Settings                                                  ; On                 ; On                 ;
; Report Source Assignments                                                  ; On                 ; On                 ;
; Report Connectivity Checks                                                 ; On                 ; On                 ;
; Ignore Maximum Fan-Out Assignments                                         ; Off                ; Off                ;
; Synchronization Register Chain Length                                      ; 2                  ; 2                  ;
; PowerPlay Power Optimization                                               ; Normal compilation ; Normal compilation ;
; HDL message level                                                          ; Level2             ; Level2             ;
; Suppress Register Optimization Related Messages                            ; Off                ; Off                ;
; Number of Removed Registers Reported in Synthesis Report                   ; 5000               ; 5000               ;
; Number of Swept Nodes Reported in Synthesis Report                         ; 5000               ; 5000               ;
; Number of Inverted Registers Reported in Synthesis Report                  ; 100                ; 100                ;
; Clock MUX Protection                                                       ; On                 ; On                 ;
; Auto Gated Clock Conversion                                                ; Off                ; Off                ;
; Block Design Naming                                                        ; Auto               ; Auto               ;
; SDC constraint protection                                                  ; Off                ; Off                ;
; Synthesis Effort                                                           ; Auto               ; Auto               ;
; Shift Register Replacement - Allow Asynchronous Clear Signal               ; On                 ; On                 ;
; Pre-Mapping Resynthesis Optimization                                       ; Off                ; Off                ;
; Analysis & Synthesis Message Level                                         ; Medium             ; Medium             ;
; Disable Register Merging Across Hierarchies                                ; Auto               ; Auto               ;
; Resource Aware Inference For Block RAM                                     ; On                 ; On                 ;
; Synthesis Seed                                                             ; 1                  ; 1                  ;
+----------------------------------------------------------------------------+--------------------+--------------------+


+------------------------------------------+
; Parallel Compilation                     ;
+----------------------------+-------------+
; Processors                 ; Number      ;
+----------------------------+-------------+
; Number detected on machine ; 8           ;
; Maximum allowed            ; 4           ;
;                            ;             ;
; Average used               ; 1.00        ;
; Maximum used               ; 1           ;
;                            ;             ;
; Usage by Processor         ; % Time Used ;
;     Processor 1            ; 100.0%      ;
;     Processors 2-8         ;   0.0%      ;
+----------------------------+-------------+


+-----------------------------------------------------------------------------------------------------------------------------------------------------------------------------+
; Analysis & Synthesis Source Files Read                                                                                                                                      ;
+----------------------------------+-----------------+------------------------------------+-------------------------------------------------------------------------+---------+
; File Name with User-Entered Path ; Used in Netlist ; File Type                          ; File Name with Absolute Path                                            ; Library ;
+----------------------------------+-----------------+------------------------------------+-------------------------------------------------------------------------+---------+
; ../mux/mux81_clk.vhd             ; yes             ; User VHDL File                     ; F:/item/CPU_8bit/mux/mux81_clk.vhd                                      ;         ;
; ../mux/mux41_clk.vhd             ; yes             ; User VHDL File                     ; F:/item/CPU_8bit/mux/mux41_clk.vhd                                      ;         ;
; ../mux/mux21.vhd                 ; yes             ; User VHDL File                     ; F:/item/CPU_8bit/mux/mux21.vhd                                          ;         ;
; ../data_rom/data.vhd             ; yes             ; User VHDL File                     ; F:/item/CPU_8bit/data_rom/data.vhd                                      ;         ;
; ../ROM_IR/ROM_IR_8bit.bdf        ; yes             ; User Block Diagram/Schematic File  ; F:/item/CPU_8bit/ROM_IR/ROM_IR_8bit.bdf                                 ;         ;
; ../ROM_IR/ROM_IR.vhd             ; yes             ; User Wizard-Generated File         ; F:/item/CPU_8bit/ROM_IR/ROM_IR.vhd                                      ;         ;
; ../bcd_7seg/bcd_7seg.vhd         ; yes             ; User VHDL File                     ; F:/item/CPU_8bit/bcd_7seg/bcd_7seg.vhd                                  ;         ;
; ../HEX2_7seg/HEX2_7seg.vhd       ; yes             ; User VHDL File                     ; F:/item/CPU_8bit/HEX2_7seg/HEX2_7seg.vhd                                ;         ;
; ../PC/PC.vhd                     ; yes             ; User VHDL File                     ; F:/item/CPU_8bit/PC/PC.vhd                                              ;         ;
; ../IR/IR_8bit.vhd                ; yes             ; User VHDL File                     ; F:/item/CPU_8bit/IR/IR_8bit.vhd                                         ;         ;
; ../DR/DR_8bit.vhd                ; yes             ; User VHDL File                     ; F:/item/CPU_8bit/DR/DR_8bit.vhd                                         ;         ;
; ../Data_Register/DR_R.bdf        ; yes             ; User Block Diagram/Schematic File  ; F:/item/CPU_8bit/Data_Register/DR_R.bdf                                 ;         ;
; ../Data_Register/Data_Reg.vhd    ; yes             ; User VHDL File                     ; F:/item/CPU_8bit/Data_Register/Data_Reg.vhd                             ;         ;
; ../beat_pulse/beat_pulse.vhd     ; yes             ; User VHDL File                     ; F:/item/CPU_8bit/beat_pulse/beat_pulse.vhd                              ;         ;
; ../ALU4/ALU_4bit.vhd             ; yes             ; User VHDL File                     ; F:/item/CPU_8bit/ALU4/ALU_4bit.vhd                                      ;         ;
; ../CPU_simple/CPU.bdf            ; yes             ; User Block Diagram/Schematic File  ; F:/item/CPU_8bit/CPU_simple/CPU.bdf                                     ;         ;
; CPU_e2.bdf                       ; yes             ; User Block Diagram/Schematic File  ; F:/item/CPU_8bit/CPU_e2/CPU_e2.bdf                                      ;         ;
; ../mux/mux21_S.vhd               ; yes             ; User VHDL File                     ; F:/item/CPU_8bit/mux/mux21_S.vhd                                        ;         ;
; altsyncram.tdf                   ; yes             ; Megafunction                       ; c:/altera/13.0sp1/quartus/libraries/megafunctions/altsyncram.tdf        ;         ;
; stratix_ram_block.inc            ; yes             ; Megafunction                       ; c:/altera/13.0sp1/quartus/libraries/megafunctions/stratix_ram_block.inc ;         ;
; lpm_mux.inc                      ; yes             ; Megafunction                       ; c:/altera/13.0sp1/quartus/libraries/megafunctions/lpm_mux.inc           ;         ;
; lpm_decode.inc                   ; yes             ; Megafunction                       ; c:/altera/13.0sp1/quartus/libraries/megafunctions/lpm_decode.inc        ;         ;
; aglobal130.inc                   ; yes             ; Megafunction                       ; c:/altera/13.0sp1/quartus/libraries/megafunctions/aglobal130.inc        ;         ;
; a_rdenreg.inc                    ; yes             ; Megafunction                       ; c:/altera/13.0sp1/quartus/libraries/megafunctions/a_rdenreg.inc         ;         ;
; altrom.inc                       ; yes             ; Megafunction                       ; c:/altera/13.0sp1/quartus/libraries/megafunctions/altrom.inc            ;         ;
; altram.inc                       ; yes             ; Megafunction                       ; c:/altera/13.0sp1/quartus/libraries/megafunctions/altram.inc            ;         ;
; altdpram.inc                     ; yes             ; Megafunction                       ; c:/altera/13.0sp1/quartus/libraries/megafunctions/altdpram.inc          ;         ;
; db/altsyncram_re71.tdf           ; yes             ; Auto-Generated Megafunction        ; F:/item/CPU_8bit/CPU_e2/db/altsyncram_re71.tdf                          ;         ;
+----------------------------------+-----------------+------------------------------------+-------------------------------------------------------------------------+---------+


+------------------------------------------------------+
; Analysis & Synthesis Resource Usage Summary          ;
+---------------------------------------------+--------+
; Resource                                    ; Usage  ;
+---------------------------------------------+--------+
; Estimated Total logic elements              ; 305    ;
;                                             ;        ;
; Total combinational functions               ; 280    ;
; Logic element usage by number of LUT inputs ;        ;
;     -- 4 input functions                    ; 155    ;
;     -- 3 input functions                    ; 99     ;
;     -- <=2 input functions                  ; 26     ;
;                                             ;        ;
; Logic elements by mode                      ;        ;
;     -- normal mode                          ; 228    ;
;     -- arithmetic mode                      ; 52     ;
;                                             ;        ;
; Total registers                             ; 46     ;
;     -- Dedicated logic registers            ; 46     ;
;     -- I/O registers                        ; 0      ;
;                                             ;        ;
; I/O pins                                    ; 135    ;
; Total memory bits                           ; 128    ;
; Embedded Multiplier 9-bit elements          ; 0      ;
; Maximum fan-out node                        ; show_R ;
; Maximum fan-out                             ; 40     ;
; Total fan-out                               ; 1284   ;
; Average fan-out                             ; 2.74   ;
+---------------------------------------------+--------+


+----------------------------------------------------------------------------------------------------------------------------------------------------------------------------------------------------------------------------------------------------------------------------------------------+
; Analysis & Synthesis Resource Utilization by Entity                                                                                                                                                                                                                                          ;
+-------------------------------------------------+-------------------+--------------+-------------+--------------+---------+-----------+------+--------------+-----------------------------------------------------------------------------------------------------------------+--------------+
; Compilation Hierarchy Node                      ; LC Combinationals ; LC Registers ; Memory Bits ; DSP Elements ; DSP 9x9 ; DSP 18x18 ; Pins ; Virtual Pins ; Full Hierarchy Name                                                                                             ; Library Name ;
+-------------------------------------------------+-------------------+--------------+-------------+--------------+---------+-----------+------+--------------+-----------------------------------------------------------------------------------------------------------------+--------------+
; |CPU_e2                                         ; 280 (0)           ; 46 (0)       ; 128         ; 0            ; 0       ; 0         ; 135  ; 0            ; |CPU_e2                                                                                                         ; work         ;
;    |CPU:inst8|                                  ; 216 (6)           ; 46 (0)       ; 128         ; 0            ; 0       ; 0         ; 0    ; 0            ; |CPU_e2|CPU:inst8                                                                                               ; work         ;
;       |ALU_4bit:inst1|                          ; 162 (162)         ; 0 (0)        ; 0           ; 0            ; 0       ; 0         ; 0    ; 0            ; |CPU_e2|CPU:inst8|ALU_4bit:inst1                                                                                ; work         ;
;       |DR_8bit:inst19|                          ; 0 (0)             ; 10 (10)      ; 0           ; 0            ; 0       ; 0         ; 0    ; 0            ; |CPU_e2|CPU:inst8|DR_8bit:inst19                                                                                ; work         ;
;       |DR_R:inst|                               ; 28 (8)            ; 16 (0)       ; 0           ; 0            ; 0       ; 0         ; 0    ; 0            ; |CPU_e2|CPU:inst8|DR_R:inst                                                                                     ; work         ;
;          |Data_Reg:inst1|                       ; 4 (4)             ; 16 (16)      ; 0           ; 0            ; 0       ; 0         ; 0    ; 0            ; |CPU_e2|CPU:inst8|DR_R:inst|Data_Reg:inst1                                                                      ; work         ;
;          |mux41_clk:inst3|                      ; 8 (8)             ; 0 (0)        ; 0           ; 0            ; 0       ; 0         ; 0    ; 0            ; |CPU_e2|CPU:inst8|DR_R:inst|mux41_clk:inst3                                                                     ; work         ;
;          |mux41_clk:inst|                       ; 8 (8)             ; 0 (0)        ; 0           ; 0            ; 0       ; 0         ; 0    ; 0            ; |CPU_e2|CPU:inst8|DR_R:inst|mux41_clk:inst                                                                      ; work         ;
;       |IR_8bit:inst4|                           ; 0 (0)             ; 8 (8)        ; 0           ; 0            ; 0       ; 0         ; 0    ; 0            ; |CPU_e2|CPU:inst8|IR_8bit:inst4                                                                                 ; work         ;
;       |PC:inst3|                                ; 8 (8)             ; 4 (4)        ; 0           ; 0            ; 0       ; 0         ; 0    ; 0            ; |CPU_e2|CPU:inst8|PC:inst3                                                                                      ; work         ;
;       |ROM_IR_8bit:inst8|                       ; 0 (0)             ; 0 (0)        ; 128         ; 0            ; 0       ; 0         ; 0    ; 0            ; |CPU_e2|CPU:inst8|ROM_IR_8bit:inst8                                                                             ; work         ;
;          |ROM_IR:inst1|                         ; 0 (0)             ; 0 (0)        ; 128         ; 0            ; 0       ; 0         ; 0    ; 0            ; |CPU_e2|CPU:inst8|ROM_IR_8bit:inst8|ROM_IR:inst1                                                                ; work         ;
;             |altsyncram:altsyncram_component|   ; 0 (0)             ; 0 (0)        ; 128         ; 0            ; 0       ; 0         ; 0    ; 0            ; |CPU_e2|CPU:inst8|ROM_IR_8bit:inst8|ROM_IR:inst1|altsyncram:altsyncram_component                                ; work         ;
;                |altsyncram_re71:auto_generated| ; 0 (0)             ; 0 (0)        ; 128         ; 0            ; 0       ; 0         ; 0    ; 0            ; |CPU_e2|CPU:inst8|ROM_IR_8bit:inst8|ROM_IR:inst1|altsyncram:altsyncram_component|altsyncram_re71:auto_generated ; work         ;
;       |beat_pulse:inst23|                       ; 3 (3)             ; 8 (8)        ; 0           ; 0            ; 0       ; 0         ; 0    ; 0            ; |CPU_e2|CPU:inst8|beat_pulse:inst23                                                                             ; work         ;
;       |data:inst27|                             ; 1 (1)             ; 0 (0)        ; 0           ; 0            ; 0       ; 0         ; 0    ; 0            ; |CPU_e2|CPU:inst8|data:inst27                                                                                   ; work         ;
;       |mux21_S:inst3_mux|                       ; 2 (2)             ; 0 (0)        ; 0           ; 0            ; 0       ; 0         ; 0    ; 0            ; |CPU_e2|CPU:inst8|mux21_S:inst3_mux                                                                             ; work         ;
;       |mux81:inst5|                             ; 6 (6)             ; 0 (0)        ; 0           ; 0            ; 0       ; 0         ; 0    ; 0            ; |CPU_e2|CPU:inst8|mux81:inst5                                                                                   ; work         ;
;    |hex2_7seg:inst4|                            ; 11 (0)            ; 0 (0)        ; 0           ; 0            ; 0       ; 0         ; 0    ; 0            ; |CPU_e2|hex2_7seg:inst4                                                                                         ; work         ;
;       |bcd_7seg:H0|                             ; 7 (7)             ; 0 (0)        ; 0           ; 0            ; 0       ; 0         ; 0    ; 0            ; |CPU_e2|hex2_7seg:inst4|bcd_7seg:H0                                                                             ; work         ;
;       |bcd_7seg:H1|                             ; 4 (4)             ; 0 (0)        ; 0           ; 0            ; 0       ; 0         ; 0    ; 0            ; |CPU_e2|hex2_7seg:inst4|bcd_7seg:H1                                                                             ; work         ;
;    |hex2_7seg:inst5|                            ; 10 (0)            ; 0 (0)        ; 0           ; 0            ; 0       ; 0         ; 0    ; 0            ; |CPU_e2|hex2_7seg:inst5                                                                                         ; work         ;
;       |bcd_7seg:H0|                             ; 7 (7)             ; 0 (0)        ; 0           ; 0            ; 0       ; 0         ; 0    ; 0            ; |CPU_e2|hex2_7seg:inst5|bcd_7seg:H0                                                                             ; work         ;
;       |bcd_7seg:H1|                             ; 3 (3)             ; 0 (0)        ; 0           ; 0            ; 0       ; 0         ; 0    ; 0            ; |CPU_e2|hex2_7seg:inst5|bcd_7seg:H1                                                                             ; work         ;
;    |hex2_7seg:inst6|                            ; 14 (0)            ; 0 (0)        ; 0           ; 0            ; 0       ; 0         ; 0    ; 0            ; |CPU_e2|hex2_7seg:inst6                                                                                         ; work         ;
;       |bcd_7seg:H0|                             ; 7 (7)             ; 0 (0)        ; 0           ; 0            ; 0       ; 0         ; 0    ; 0            ; |CPU_e2|hex2_7seg:inst6|bcd_7seg:H0                                                                             ; work         ;
;       |bcd_7seg:H1|                             ; 7 (7)             ; 0 (0)        ; 0           ; 0            ; 0       ; 0         ; 0    ; 0            ; |CPU_e2|hex2_7seg:inst6|bcd_7seg:H1                                                                             ; work         ;
;    |hex2_7seg:inst7|                            ; 11 (0)            ; 0 (0)        ; 0           ; 0            ; 0       ; 0         ; 0    ; 0            ; |CPU_e2|hex2_7seg:inst7                                                                                         ; work         ;
;       |bcd_7seg:H0|                             ; 7 (7)             ; 0 (0)        ; 0           ; 0            ; 0       ; 0         ; 0    ; 0            ; |CPU_e2|hex2_7seg:inst7|bcd_7seg:H0                                                                             ; work         ;
;       |bcd_7seg:H1|                             ; 4 (4)             ; 0 (0)        ; 0           ; 0            ; 0       ; 0         ; 0    ; 0            ; |CPU_e2|hex2_7seg:inst7|bcd_7seg:H1                                                                             ; work         ;
;    |mux81:inst10|                               ; 4 (4)             ; 0 (0)        ; 0           ; 0            ; 0       ; 0         ; 0    ; 0            ; |CPU_e2|mux81:inst10                                                                                            ; work         ;
;    |mux81:inst1|                                ; 8 (8)             ; 0 (0)        ; 0           ; 0            ; 0       ; 0         ; 0    ; 0            ; |CPU_e2|mux81:inst1                                                                                             ; work         ;
;    |mux81:inst3|                                ; 2 (2)             ; 0 (0)        ; 0           ; 0            ; 0       ; 0         ; 0    ; 0            ; |CPU_e2|mux81:inst3                                                                                             ; work         ;
;    |mux81:inst9|                                ; 4 (4)             ; 0 (0)        ; 0           ; 0            ; 0       ; 0         ; 0    ; 0            ; |CPU_e2|mux81:inst9                                                                                             ; work         ;
+-------------------------------------------------+-------------------+--------------+-------------+--------------+---------+-----------+------+--------------+-----------------------------------------------------------------------------------------------------------------+--------------+
Note: For table entries with two numbers listed, the numbers in parentheses indicate the number of resources of the given type used by the specific entity alone. The numbers listed outside of parentheses indicate the total resources of the given type used by the specific entity and all of its sub-entities in the hierarchy.


+---------------------------------------------------------------------------------------------------------------------------------------------------------------------------------------------------------------+
; Analysis & Synthesis RAM Summary                                                                                                                                                                              ;
+--------------------------------------------------------------------------------------------------------------------+------+------+--------------+--------------+--------------+--------------+------+---------+
; Name                                                                                                               ; Type ; Mode ; Port A Depth ; Port A Width ; Port B Depth ; Port B Width ; Size ; MIF     ;
+--------------------------------------------------------------------------------------------------------------------+------+------+--------------+--------------+--------------+--------------+------+---------+
; CPU:inst8|ROM_IR_8bit:inst8|ROM_IR:inst1|altsyncram:altsyncram_component|altsyncram_re71:auto_generated|ALTSYNCRAM ; AUTO ; ROM  ; 16           ; 8            ; --           ; --           ; 128  ; app.hex ;
+--------------------------------------------------------------------------------------------------------------------+------+------+--------------+--------------+--------------+--------------+------+---------+


+-------------------------------------------------------------------------------------------------------------------------------------------------------+
; Analysis & Synthesis IP Cores Summary                                                                                                                 ;
+--------+--------------+---------+--------------+--------------+--------------------------------------------------+------------------------------------+
; Vendor ; IP Core Name ; Version ; Release Date ; License Type ; Entity Instance                                  ; IP Include File                    ;
+--------+--------------+---------+--------------+--------------+--------------------------------------------------+------------------------------------+
; Altera ; ROM: 1-PORT  ; N/A     ; N/A          ; N/A          ; |CPU_e2|CPU:inst8|ROM_IR_8bit:inst8|ROM_IR:inst1 ; F:/item/CPU_8bit/ROM_IR/ROM_IR.vhd ;
+--------+--------------+---------+--------------+--------------+--------------------------------------------------+------------------------------------+


+--------------------------------------------------------------------------------------------------------------+
; User-Specified and Inferred Latches                                                                          ;
+----------------------------------------------------+--------------------------------+------------------------+
; Latch Name                                         ; Latch Enable Signal            ; Free of Timing Hazards ;
+----------------------------------------------------+--------------------------------+------------------------+
; CPU:inst8|ALU_4bit:inst1|F_ov[8]                   ; CPU:inst8|ALU_4bit:inst1|Mux11 ; yes                    ;
; CPU:inst8|ALU_4bit:inst1|F_ov[7]                   ; CPU:inst8|ALU_4bit:inst1|Mux11 ; yes                    ;
; Number of user-specified and inferred latches = 2  ;                                ;                        ;
+----------------------------------------------------+--------------------------------+------------------------+
Note: All latches listed above may not be present at the end of synthesis due to various synthesis optimizations.


+-------------------------------------------------------------------------------------------------------+
; Registers Removed During Synthesis                                                                    ;
+-----------------------------------------------+-------------------------------------------------------+
; Register name                                 ; Reason for Removal                                    ;
+-----------------------------------------------+-------------------------------------------------------+
; CPU:inst8|DR_R:inst|Data_Reg:inst1|RO0[3,5,7] ; Merged with CPU:inst8|DR_R:inst|Data_Reg:inst1|RO0[1] ;
; CPU:inst8|DR_R:inst|Data_Reg:inst1|RO0[6]     ; Merged with CPU:inst8|DR_R:inst|Data_Reg:inst1|RO0[4] ;
; CPU:inst8|DR_R:inst|Data_Reg:inst1|RO1[3,5,7] ; Merged with CPU:inst8|DR_R:inst|Data_Reg:inst1|RO1[1] ;
; CPU:inst8|DR_R:inst|Data_Reg:inst1|RO1[6]     ; Merged with CPU:inst8|DR_R:inst|Data_Reg:inst1|RO1[4] ;
; CPU:inst8|DR_R:inst|Data_Reg:inst1|RO2[3,5,7] ; Merged with CPU:inst8|DR_R:inst|Data_Reg:inst1|RO2[1] ;
; CPU:inst8|DR_R:inst|Data_Reg:inst1|RO2[6]     ; Merged with CPU:inst8|DR_R:inst|Data_Reg:inst1|RO2[4] ;
; CPU:inst8|DR_R:inst|Data_Reg:inst1|RO3[3,5,7] ; Merged with CPU:inst8|DR_R:inst|Data_Reg:inst1|RO3[1] ;
; CPU:inst8|DR_R:inst|Data_Reg:inst1|RO3[6]     ; Merged with CPU:inst8|DR_R:inst|Data_Reg:inst1|RO3[4] ;
; Total Number of Removed Registers = 16        ;                                                       ;
+-----------------------------------------------+-------------------------------------------------------+


+------------------------------------------------------+
; General Register Statistics                          ;
+----------------------------------------------+-------+
; Statistic                                    ; Value ;
+----------------------------------------------+-------+
; Total registers                              ; 46    ;
; Number of registers using Synchronous Clear  ; 0     ;
; Number of registers using Synchronous Load   ; 4     ;
; Number of registers using Asynchronous Clear ; 30    ;
; Number of registers using Asynchronous Load  ; 0     ;
; Number of registers using Clock Enable       ; 20    ;
; Number of registers using Preset             ; 0     ;
+----------------------------------------------+-------+


+--------------------------------------------------+
; Inverted Register Statistics                     ;
+----------------------------------------+---------+
; Inverted Register                      ; Fan out ;
+----------------------------------------+---------+
; CPU:inst8|beat_pulse:inst23|q[0]       ; 2       ;
; Total number of inverted registers = 1 ;         ;
+----------------------------------------+---------+


+----------------------------------------------------------------------------------------------------------------------------------------------------------------+
; Multiplexer Restructuring Statistics (Restructuring Performed)                                                                                                 ;
+--------------------+-----------+---------------+----------------------+------------------------+------------+--------------------------------------------------+
; Multiplexer Inputs ; Bus Width ; Baseline Area ; Area if Restructured ; Saving if Restructured ; Registered ; Example Multiplexer Output                       ;
+--------------------+-----------+---------------+----------------------+------------------------+------------+--------------------------------------------------+
; 3:1                ; 4 bits    ; 8 LEs         ; 8 LEs                ; 0 LEs                  ; Yes        ; |CPU_e2|CPU:inst8|PC:inst3|q1[0]                 ;
; 4:1                ; 4 bits    ; 8 LEs         ; 8 LEs                ; 0 LEs                  ; No         ; |CPU_e2|CPU:inst8|DR_R:inst|mux41_clk:inst|Mux7  ;
; 4:1                ; 4 bits    ; 8 LEs         ; 8 LEs                ; 0 LEs                  ; No         ; |CPU_e2|CPU:inst8|DR_R:inst|mux41_clk:inst3|Mux7 ;
; 4:1                ; 2 bits    ; 4 LEs         ; 4 LEs                ; 0 LEs                  ; No         ; |CPU_e2|CPU:inst8|ALU_4bit:inst1|Mux13           ;
; 1:1                ; 4 bits    ; 0 LEs         ; 0 LEs                ; 0 LEs                  ; No         ; |CPU_e2|CPU:inst8|ALU_4bit:inst1|Add1            ;
+--------------------+-----------+---------------+----------------------+------------------------+------------+--------------------------------------------------+


+--------------------------------------------------------------------------------------------------------------------------------+
; Source assignments for CPU:inst8|ROM_IR_8bit:inst8|ROM_IR:inst1|altsyncram:altsyncram_component|altsyncram_re71:auto_generated ;
+---------------------------------+--------------------+------+------------------------------------------------------------------+
; Assignment                      ; Value              ; From ; To                                                               ;
+---------------------------------+--------------------+------+------------------------------------------------------------------+
; OPTIMIZE_POWER_DURING_SYNTHESIS ; NORMAL_COMPILATION ; -    ; -                                                                ;
+---------------------------------+--------------------+------+------------------------------------------------------------------+


+-----------------------------------------------------------------------------------------------------------------------+
; Parameter Settings for User Entity Instance: CPU:inst8|ROM_IR_8bit:inst8|ROM_IR:inst1|altsyncram:altsyncram_component ;
+------------------------------------+----------------------+-----------------------------------------------------------+
; Parameter Name                     ; Value                ; Type                                                      ;
+------------------------------------+----------------------+-----------------------------------------------------------+
; BYTE_SIZE_BLOCK                    ; 8                    ; Untyped                                                   ;
; AUTO_CARRY_CHAINS                  ; ON                   ; AUTO_CARRY                                                ;
; IGNORE_CARRY_BUFFERS               ; OFF                  ; IGNORE_CARRY                                              ;
; AUTO_CASCADE_CHAINS                ; ON                   ; AUTO_CASCADE                                              ;
; IGNORE_CASCADE_BUFFERS             ; OFF                  ; IGNORE_CASCADE                                            ;
; WIDTH_BYTEENA                      ; 1                    ; Untyped                                                   ;
; OPERATION_MODE                     ; ROM                  ; Untyped                                                   ;
; WIDTH_A                            ; 8                    ; Signed Integer                                            ;
; WIDTHAD_A                          ; 4                    ; Signed Integer                                            ;
; NUMWORDS_A                         ; 16                   ; Signed Integer                                            ;
; OUTDATA_REG_A                      ; UNREGISTERED         ; Untyped                                                   ;
; ADDRESS_ACLR_A                     ; NONE                 ; Untyped                                                   ;
; OUTDATA_ACLR_A                     ; NONE                 ; Untyped                                                   ;
; WRCONTROL_ACLR_A                   ; NONE                 ; Untyped                                                   ;
; INDATA_ACLR_A                      ; NONE                 ; Untyped                                                   ;
; BYTEENA_ACLR_A                     ; NONE                 ; Untyped                                                   ;
; WIDTH_B                            ; 1                    ; Untyped                                                   ;
; WIDTHAD_B                          ; 1                    ; Untyped                                                   ;
; NUMWORDS_B                         ; 1                    ; Untyped                                                   ;
; INDATA_REG_B                       ; CLOCK1               ; Untyped                                                   ;
; WRCONTROL_WRADDRESS_REG_B          ; CLOCK1               ; Untyped                                                   ;
; RDCONTROL_REG_B                    ; CLOCK1               ; Untyped                                                   ;
; ADDRESS_REG_B                      ; CLOCK1               ; Untyped                                                   ;
; OUTDATA_REG_B                      ; UNREGISTERED         ; Untyped                                                   ;
; BYTEENA_REG_B                      ; CLOCK1               ; Untyped                                                   ;
; INDATA_ACLR_B                      ; NONE                 ; Untyped                                                   ;
; WRCONTROL_ACLR_B                   ; NONE                 ; Untyped                                                   ;
; ADDRESS_ACLR_B                     ; NONE                 ; Untyped                                                   ;
; OUTDATA_ACLR_B                     ; NONE                 ; Untyped                                                   ;
; RDCONTROL_ACLR_B                   ; NONE                 ; Untyped                                                   ;
; BYTEENA_ACLR_B                     ; NONE                 ; Untyped                                                   ;
; WIDTH_BYTEENA_A                    ; 1                    ; Signed Integer                                            ;
; WIDTH_BYTEENA_B                    ; 1                    ; Untyped                                                   ;
; RAM_BLOCK_TYPE                     ; AUTO                 ; Untyped                                                   ;
; BYTE_SIZE                          ; 8                    ; Untyped                                                   ;
; READ_DURING_WRITE_MODE_MIXED_PORTS ; DONT_CARE            ; Untyped                                                   ;
; READ_DURING_WRITE_MODE_PORT_A      ; NEW_DATA_NO_NBE_READ ; Untyped                                                   ;
; READ_DURING_WRITE_MODE_PORT_B      ; NEW_DATA_NO_NBE_READ ; Untyped                                                   ;
; INIT_FILE                          ; app.hex              ; Untyped                                                   ;
; INIT_FILE_LAYOUT                   ; PORT_A               ; Untyped                                                   ;
; MAXIMUM_DEPTH                      ; 0                    ; Untyped                                                   ;
; CLOCK_ENABLE_INPUT_A               ; BYPASS               ; Untyped                                                   ;
; CLOCK_ENABLE_INPUT_B               ; NORMAL               ; Untyped                                                   ;
; CLOCK_ENABLE_OUTPUT_A              ; BYPASS               ; Untyped                                                   ;
; CLOCK_ENABLE_OUTPUT_B              ; NORMAL               ; Untyped                                                   ;
; CLOCK_ENABLE_CORE_A                ; USE_INPUT_CLKEN      ; Untyped                                                   ;
; CLOCK_ENABLE_CORE_B                ; USE_INPUT_CLKEN      ; Untyped                                                   ;
; ENABLE_ECC                         ; FALSE                ; Untyped                                                   ;
; ECC_PIPELINE_STAGE_ENABLED         ; FALSE                ; Untyped                                                   ;
; WIDTH_ECCSTATUS                    ; 3                    ; Untyped                                                   ;
; DEVICE_FAMILY                      ; Cyclone II           ; Untyped                                                   ;
; CBXI_PARAMETER                     ; altsyncram_re71      ; Untyped                                                   ;
+------------------------------------+----------------------+-----------------------------------------------------------+
Note: In order to hide this table in the UI and the text report file, please set the "Show Parameter Settings in Synthesis Report" option in "Analysis and Synthesis Settings -> More Settings" to "Off".


+----------------------------------------------------------------------------------------------------------------------+
; altsyncram Parameter Settings by Entity Instance                                                                     ;
+-------------------------------------------+--------------------------------------------------------------------------+
; Name                                      ; Value                                                                    ;
+-------------------------------------------+--------------------------------------------------------------------------+
; Number of entity instances                ; 1                                                                        ;
; Entity Instance                           ; CPU:inst8|ROM_IR_8bit:inst8|ROM_IR:inst1|altsyncram:altsyncram_component ;
;     -- OPERATION_MODE                     ; ROM                                                                      ;
;     -- WIDTH_A                            ; 8                                                                        ;
;     -- NUMWORDS_A                         ; 16                                                                       ;
;     -- OUTDATA_REG_A                      ; UNREGISTERED                                                             ;
;     -- WIDTH_B                            ; 1                                                                        ;
;     -- NUMWORDS_B                         ; 1                                                                        ;
;     -- ADDRESS_REG_B                      ; CLOCK1                                                                   ;
;     -- OUTDATA_REG_B                      ; UNREGISTERED                                                             ;
;     -- RAM_BLOCK_TYPE                     ; AUTO                                                                     ;
;     -- READ_DURING_WRITE_MODE_MIXED_PORTS ; DONT_CARE                                                                ;
+-------------------------------------------+--------------------------------------------------------------------------+


+-------------------------------+
; Elapsed Time Per Partition    ;
+----------------+--------------+
; Partition Name ; Elapsed Time ;
+----------------+--------------+
; Top            ; 00:00:00     ;
+----------------+--------------+


+-------------------------------+
; Analysis & Synthesis Messages ;
+-------------------------------+
Info: *******************************************************************
Info: Running Quartus II 64-Bit Analysis & Synthesis
    Info: Version 13.0.1 Build 232 06/12/2013 Service Pack 1 SJ Full Version
    Info: Processing started: Wed Jul 07 00:28:43 2021
Info: Command: quartus_map --read_settings_files=on --write_settings_files=off CPU_e2 -c CPU_e2
Info (11104): Parallel Compilation has detected 8 hyper-threaded processors. However, the extra hyper-threaded processors will not be used by default. Parallel Compilation will use 4 of the 4 physical processors detected instead.
Info (12021): Found 2 design units, including 1 entities, in source file /item/cpu_8bit/mux/mux81_clk.vhd
    Info (12022): Found design unit 1: mux81-bhv
    Info (12023): Found entity 1: mux81
Info (12021): Found 2 design units, including 1 entities, in source file /item/cpu_8bit/mux/mux41_clk.vhd
    Info (12022): Found design unit 1: mux41_clk-bhv
    Info (12023): Found entity 1: mux41_clk
Info (12021): Found 2 design units, including 1 entities, in source file /item/cpu_8bit/mux/mux21.vhd
    Info (12022): Found design unit 1: mux21-bhv
    Info (12023): Found entity 1: mux21
Info (12021): Found 2 design units, including 1 entities, in source file /item/cpu_8bit/data_rom/data.vhd
    Info (12022): Found design unit 1: data-bhv
    Info (12023): Found entity 1: data
Info (12021): Found 1 design units, including 1 entities, in source file /item/cpu_8bit/rom_ir/rom_ir_8bit.bdf
    Info (12023): Found entity 1: ROM_IR_8bit
Info (12021): Found 2 design units, including 1 entities, in source file /item/cpu_8bit/rom_ir/rom_ir.vhd
    Info (12022): Found design unit 1: rom_ir-SYN
    Info (12023): Found entity 1: ROM_IR
Info (12021): Found 2 design units, including 1 entities, in source file /item/cpu_8bit/bcd_7seg/bcd_7seg.vhd
    Info (12022): Found design unit 1: bcd_7seg-behavioral
    Info (12023): Found entity 1: bcd_7seg
Info (12021): Found 2 design units, including 1 entities, in source file /item/cpu_8bit/hex2_7seg/hex2_7seg.vhd
    Info (12022): Found design unit 1: hex2_7seg-bhv
    Info (12023): Found entity 1: hex2_7seg
Info (12021): Found 2 design units, including 1 entities, in source file /item/cpu_8bit/pc/pc.vhd
    Info (12022): Found design unit 1: PC-bhv
    Info (12023): Found entity 1: PC
Info (12021): Found 2 design units, including 1 entities, in source file /item/cpu_8bit/ir/ir_8bit.vhd
    Info (12022): Found design unit 1: IR_8bit-bhv
    Info (12023): Found entity 1: IR_8bit
Info (12021): Found 2 design units, including 1 entities, in source file /item/cpu_8bit/dr/dr_8bit.vhd
    Info (12022): Found design unit 1: DR_8bit-bhv
    Info (12023): Found entity 1: DR_8bit
Info (12021): Found 1 design units, including 1 entities, in source file /item/cpu_8bit/data_register/dr_r.bdf
    Info (12023): Found entity 1: DR_R
Info (12021): Found 2 design units, including 1 entities, in source file /item/cpu_8bit/data_register/data_reg.vhd
    Info (12022): Found design unit 1: Data_Reg-bhv
    Info (12023): Found entity 1: Data_Reg
Info (12021): Found 2 design units, including 1 entities, in source file /item/cpu_8bit/beat_pulse/beat_pulse.vhd
    Info (12022): Found design unit 1: Beat_pulse-bhv
    Info (12023): Found entity 1: beat_pulse
Info (12021): Found 2 design units, including 1 entities, in source file /item/cpu_8bit/alu4/alu_4bit.vhd
    Info (12022): Found design unit 1: ALU_4bit-bhv
    Info (12023): Found entity 1: ALU_4bit
Info (12021): Found 2 design units, including 1 entities, in source file /item/cpu_8bit/cpu_simple/tri_s.vhd
    Info (12022): Found design unit 1: tri_s-bhv
    Info (12023): Found entity 1: tri_s
Info (12021): Found 1 design units, including 1 entities, in source file /item/cpu_8bit/cpu_simple/cpu.bdf
    Info (12023): Found entity 1: CPU
Info (12021): Found 1 design units, including 1 entities, in source file cpu_e2.bdf
    Info (12023): Found entity 1: CPU_e2
Info (12021): Found 2 design units, including 1 entities, in source file /item/cpu_8bit/mux/mux21_s.vhd
    Info (12022): Found design unit 1: mux21_S-bhv
    Info (12023): Found entity 1: mux21_S
Info (12127): Elaborating entity "CPU_e2" for the top level hierarchy
Warning (275080): Converted elements in bus name "R" using legacy naming rules. Make any assignments on the new names, not on the original names.
    Warning (275081): Converted element name(s) from "R[7..0]" to "R7..0"
Warning (275080): Converted elements in bus name "R0" using legacy naming rules. Make any assignments on the new names, not on the original names.
    Warning (275081): Converted element name(s) from "R0[7..0]" to "R07..0"
Warning (275080): Converted elements in bus name "R1" using legacy naming rules. Make any assignments on the new names, not on the original names.
    Warning (275081): Converted element name(s) from "R1[7..0]" to "R17..0"
Warning (275080): Converted elements in bus name "R" using legacy naming rules. Make any assignments on the new names, not on the original names.
    Warning (275081): Converted element name(s) from "R[7..0]" to "R7..0"
Warning (275080): Converted elements in bus name "R0" using legacy naming rules. Make any assignments on the new names, not on the original names.
    Warning (275081): Converted element name(s) from "R0[7..0]" to "R07..0"
Warning (275080): Converted elements in bus name "R1" using legacy naming rules. Make any assignments on the new names, not on the original names.
    Warning (275081): Converted element name(s) from "R1[7..0]" to "R17..0"
Warning (275080): Converted elements in bus name "R" using legacy naming rules. Make any assignments on the new names, not on the original names.
    Warning (275081): Converted element name(s) from "R[7..0]" to "R7..0"
Warning (275080): Converted elements in bus name "R0" using legacy naming rules. Make any assignments on the new names, not on the original names.
    Warning (275081): Converted element name(s) from "R0[7..0]" to "R07..0"
Warning (275080): Converted elements in bus name "R1" using legacy naming rules. Make any assignments on the new names, not on the original names.
    Warning (275081): Converted element name(s) from "R1[7..0]" to "R17..0"
Warning (275080): Converted elements in bus name "R" using legacy naming rules. Make any assignments on the new names, not on the original names.
    Warning (275081): Converted element name(s) from "R[7..0]" to "R7..0"
Warning (275080): Converted elements in bus name "R0" using legacy naming rules. Make any assignments on the new names, not on the original names.
    Warning (275081): Converted element name(s) from "R0[7..0]" to "R07..0"
Warning (275080): Converted elements in bus name "R1" using legacy naming rules. Make any assignments on the new names, not on the original names.
    Warning (275081): Converted element name(s) from "R1[7..0]" to "R17..0"
Info (12128): Elaborating entity "CPU" for hierarchy "CPU:inst8"
Warning (275080): Converted elements in bus name "R" using legacy naming rules. Make any assignments on the new names, not on the original names.
    Warning (275081): Converted element name(s) from "R[3..0]" to "R3..0"
Warning (275080): Converted elements in bus name "R0" using legacy naming rules. Make any assignments on the new names, not on the original names.
    Warning (275081): Converted element name(s) from "R0[3..0]" to "R03..0"
Warning (275080): Converted elements in bus name "R1" using legacy naming rules. Make any assignments on the new names, not on the original names.
    Warning (275081): Converted element name(s) from "R1[3..0]" to "R13..0"
Warning (275080): Converted elements in bus name "R" using legacy naming rules. Make any assignments on the new names, not on the original names.
    Warning (275081): Converted element name(s) from "R[1..0]" to "R1..0"
Warning (275080): Converted elements in bus name "R0" using legacy naming rules. Make any assignments on the new names, not on the original names.
    Warning (275081): Converted element name(s) from "R0[1..0]" to "R01..0"
Warning (275080): Converted elements in bus name "R1" using legacy naming rules. Make any assignments on the new names, not on the original names.
    Warning (275081): Converted element name(s) from "R1[1..0]" to "R11..0"
Warning (275080): Converted elements in bus name "R" using legacy naming rules. Make any assignments on the new names, not on the original names.
    Warning (275081): Converted element name(s) from "R[7..0]" to "R7..0"
Warning (275080): Converted elements in bus name "R0" using legacy naming rules. Make any assignments on the new names, not on the original names.
    Warning (275081): Converted element name(s) from "R0[7..0]" to "R07..0"
Warning (275080): Converted elements in bus name "R1" using legacy naming rules. Make any assignments on the new names, not on the original names.
    Warning (275081): Converted element name(s) from "R1[7..0]" to "R17..0"
Info (12128): Elaborating entity "DR_8bit" for hierarchy "CPU:inst8|DR_8bit:inst19"
Info (12128): Elaborating entity "IR_8bit" for hierarchy "CPU:inst8|IR_8bit:inst4"
Info (12128): Elaborating entity "beat_pulse" for hierarchy "CPU:inst8|beat_pulse:inst23"
Info (12128): Elaborating entity "ROM_IR_8bit" for hierarchy "CPU:inst8|ROM_IR_8bit:inst8"
Info (12128): Elaborating entity "ROM_IR" for hierarchy "CPU:inst8|ROM_IR_8bit:inst8|ROM_IR:inst1"
Info (12128): Elaborating entity "altsyncram" for hierarchy "CPU:inst8|ROM_IR_8bit:inst8|ROM_IR:inst1|altsyncram:altsyncram_component"
Info (12130): Elaborated megafunction instantiation "CPU:inst8|ROM_IR_8bit:inst8|ROM_IR:inst1|altsyncram:altsyncram_component"
Info (12133): Instantiated megafunction "CPU:inst8|ROM_IR_8bit:inst8|ROM_IR:inst1|altsyncram:altsyncram_component" with the following parameter:
    Info (12134): Parameter "clock_enable_input_a" = "BYPASS"
    Info (12134): Parameter "clock_enable_output_a" = "BYPASS"
    Info (12134): Parameter "init_file" = "app.hex"
    Info (12134): Parameter "intended_device_family" = "Cyclone II"
    Info (12134): Parameter "lpm_hint" = "ENABLE_RUNTIME_MOD=NO"
    Info (12134): Parameter "lpm_type" = "altsyncram"
    Info (12134): Parameter "numwords_a" = "16"
    Info (12134): Parameter "operation_mode" = "ROM"
    Info (12134): Parameter "outdata_aclr_a" = "NONE"
    Info (12134): Parameter "outdata_reg_a" = "UNREGISTERED"
    Info (12134): Parameter "widthad_a" = "4"
    Info (12134): Parameter "width_a" = "8"
    Info (12134): Parameter "width_byteena_a" = "1"
Info (12021): Found 1 design units, including 1 entities, in source file db/altsyncram_re71.tdf
    Info (12023): Found entity 1: altsyncram_re71
Info (12128): Elaborating entity "altsyncram_re71" for hierarchy "CPU:inst8|ROM_IR_8bit:inst8|ROM_IR:inst1|altsyncram:altsyncram_component|altsyncram_re71:auto_generated"
Info (12128): Elaborating entity "PC" for hierarchy "CPU:inst8|PC:inst3"
Info (12128): Elaborating entity "mux21" for hierarchy "CPU:inst8|mux21:inst_mux21"
Warning (10492): VHDL Process Statement warning at mux21.vhd(17): signal "R0" is read inside the Process Statement but isn't in the Process Statement's sensitivity list
Warning (10492): VHDL Process Statement warning at mux21.vhd(18): signal "R1" is read inside the Process Statement but isn't in the Process Statement's sensitivity list
Info (12128): Elaborating entity "ALU_4bit" for hierarchy "CPU:inst8|ALU_4bit:inst1"
Warning (10492): VHDL Process Statement warning at ALU_4bit.vhd(31): signal "Ain" is read inside the Process Statement but isn't in the Process Statement's sensitivity list
Warning (10492): VHDL Process Statement warning at ALU_4bit.vhd(31): signal "Bin" is read inside the Process Statement but isn't in the Process Statement's sensitivity list
Warning (10492): VHDL Process Statement warning at ALU_4bit.vhd(32): signal "Aov" is read inside the Process Statement but isn't in the Process Statement's sensitivity list
Warning (10492): VHDL Process Statement warning at ALU_4bit.vhd(32): signal "Bov" is read inside the Process Statement but isn't in the Process Statement's sensitivity list
Warning (10492): VHDL Process Statement warning at ALU_4bit.vhd(33): signal "F_out" is read inside the Process Statement but isn't in the Process Statement's sensitivity list
Warning (10492): VHDL Process Statement warning at ALU_4bit.vhd(34): signal "F_out" is read inside the Process Statement but isn't in the Process Statement's sensitivity list
Warning (10492): VHDL Process Statement warning at ALU_4bit.vhd(35): signal "F_ov" is read inside the Process Statement but isn't in the Process Statement's sensitivity list
Warning (10492): VHDL Process Statement warning at ALU_4bit.vhd(36): signal "Ain" is read inside the Process Statement but isn't in the Process Statement's sensitivity list
Warning (10492): VHDL Process Statement warning at ALU_4bit.vhd(36): signal "Bin" is read inside the Process Statement but isn't in the Process Statement's sensitivity list
Warning (10492): VHDL Process Statement warning at ALU_4bit.vhd(37): signal "Aov" is read inside the Process Statement but isn't in the Process Statement's sensitivity list
Warning (10492): VHDL Process Statement warning at ALU_4bit.vhd(37): signal "Bov" is read inside the Process Statement but isn't in the Process Statement's sensitivity list
Warning (10492): VHDL Process Statement warning at ALU_4bit.vhd(38): signal "F_out" is read inside the Process Statement but isn't in the Process Statement's sensitivity list
Warning (10492): VHDL Process Statement warning at ALU_4bit.vhd(39): signal "F_out" is read inside the Process Statement but isn't in the Process Statement's sensitivity list
Warning (10492): VHDL Process Statement warning at ALU_4bit.vhd(40): signal "F_ov" is read inside the Process Statement but isn't in the Process Statement's sensitivity list
Warning (10492): VHDL Process Statement warning at ALU_4bit.vhd(41): signal "Ain" is read inside the Process Statement but isn't in the Process Statement's sensitivity list
Warning (10492): VHDL Process Statement warning at ALU_4bit.vhd(41): signal "Bin" is read inside the Process Statement but isn't in the Process Statement's sensitivity list
Warning (10492): VHDL Process Statement warning at ALU_4bit.vhd(42): signal "Aov" is read inside the Process Statement but isn't in the Process Statement's sensitivity list
Warning (10492): VHDL Process Statement warning at ALU_4bit.vhd(42): signal "Bov" is read inside the Process Statement but isn't in the Process Statement's sensitivity list
Warning (10492): VHDL Process Statement warning at ALU_4bit.vhd(43): signal "F_out" is read inside the Process Statement but isn't in the Process Statement's sensitivity list
Warning (10492): VHDL Process Statement warning at ALU_4bit.vhd(44): signal "F_out" is read inside the Process Statement but isn't in the Process Statement's sensitivity list
Warning (10492): VHDL Process Statement warning at ALU_4bit.vhd(45): signal "F_ov" is read inside the Process Statement but isn't in the Process Statement's sensitivity list
Warning (10492): VHDL Process Statement warning at ALU_4bit.vhd(46): signal "Ain" is read inside the Process Statement but isn't in the Process Statement's sensitivity list
Warning (10492): VHDL Process Statement warning at ALU_4bit.vhd(46): signal "Bin" is read inside the Process Statement but isn't in the Process Statement's sensitivity list
Warning (10492): VHDL Process Statement warning at ALU_4bit.vhd(47): signal "Aov" is read inside the Process Statement but isn't in the Process Statement's sensitivity list
Warning (10492): VHDL Process Statement warning at ALU_4bit.vhd(47): signal "Bov" is read inside the Process Statement but isn't in the Process Statement's sensitivity list
Warning (10492): VHDL Process Statement warning at ALU_4bit.vhd(48): signal "F_out" is read inside the Process Statement but isn't in the Process Statement's sensitivity list
Warning (10492): VHDL Process Statement warning at ALU_4bit.vhd(49): signal "F_out" is read inside the Process Statement but isn't in the Process Statement's sensitivity list
Warning (10492): VHDL Process Statement warning at ALU_4bit.vhd(50): signal "F_ov" is read inside the Process Statement but isn't in the Process Statement's sensitivity list
Warning (10492): VHDL Process Statement warning at ALU_4bit.vhd(51): signal "Ain" is read inside the Process Statement but isn't in the Process Statement's sensitivity list
Warning (10492): VHDL Process Statement warning at ALU_4bit.vhd(52): signal "Aov" is read inside the Process Statement but isn't in the Process Statement's sensitivity list
Warning (10492): VHDL Process Statement warning at ALU_4bit.vhd(53): signal "F_out" is read inside the Process Statement but isn't in the Process Statement's sensitivity list
Warning (10492): VHDL Process Statement warning at ALU_4bit.vhd(54): signal "F_out" is read inside the Process Statement but isn't in the Process Statement's sensitivity list
Warning (10492): VHDL Process Statement warning at ALU_4bit.vhd(55): signal "F_ov" is read inside the Process Statement but isn't in the Process Statement's sensitivity list
Warning (10492): VHDL Process Statement warning at ALU_4bit.vhd(56): signal "Ain" is read inside the Process Statement but isn't in the Process Statement's sensitivity list
Warning (10492): VHDL Process Statement warning at ALU_4bit.vhd(56): signal "Bin" is read inside the Process Statement but isn't in the Process Statement's sensitivity list
Warning (10492): VHDL Process Statement warning at ALU_4bit.vhd(57): signal "Aov" is read inside the Process Statement but isn't in the Process Statement's sensitivity list
Warning (10492): VHDL Process Statement warning at ALU_4bit.vhd(57): signal "Bov" is read inside the Process Statement but isn't in the Process Statement's sensitivity list
Warning (10492): VHDL Process Statement warning at ALU_4bit.vhd(58): signal "F_out" is read inside the Process Statement but isn't in the Process Statement's sensitivity list
Warning (10492): VHDL Process Statement warning at ALU_4bit.vhd(59): signal "F_out" is read inside the Process Statement but isn't in the Process Statement's sensitivity list
Warning (10492): VHDL Process Statement warning at ALU_4bit.vhd(60): signal "F_ov" is read inside the Process Statement but isn't in the Process Statement's sensitivity list
Warning (10492): VHDL Process Statement warning at ALU_4bit.vhd(61): signal "Ain" is read inside the Process Statement but isn't in the Process Statement's sensitivity list
Warning (10492): VHDL Process Statement warning at ALU_4bit.vhd(61): signal "Bin" is read inside the Process Statement but isn't in the Process Statement's sensitivity list
Warning (10492): VHDL Process Statement warning at ALU_4bit.vhd(62): signal "Aov" is read inside the Process Statement but isn't in the Process Statement's sensitivity list
Warning (10492): VHDL Process Statement warning at ALU_4bit.vhd(62): signal "Bov" is read inside the Process Statement but isn't in the Process Statement's sensitivity list
Warning (10492): VHDL Process Statement warning at ALU_4bit.vhd(63): signal "F_out" is read inside the Process Statement but isn't in the Process Statement's sensitivity list
Warning (10492): VHDL Process Statement warning at ALU_4bit.vhd(64): signal "F_out" is read inside the Process Statement but isn't in the Process Statement's sensitivity list
Warning (10492): VHDL Process Statement warning at ALU_4bit.vhd(65): signal "F_ov" is read inside the Process Statement but isn't in the Process Statement's sensitivity list
Warning (10492): VHDL Process Statement warning at ALU_4bit.vhd(66): signal "Ain" is read inside the Process Statement but isn't in the Process Statement's sensitivity list
Warning (10492): VHDL Process Statement warning at ALU_4bit.vhd(66): signal "Bin" is read inside the Process Statement but isn't in the Process Statement's sensitivity list
Warning (10492): VHDL Process Statement warning at ALU_4bit.vhd(67): signal "Aov" is read inside the Process Statement but isn't in the Process Statement's sensitivity list
Warning (10492): VHDL Process Statement warning at ALU_4bit.vhd(67): signal "Bov" is read inside the Process Statement but isn't in the Process Statement's sensitivity list
Warning (10492): VHDL Process Statement warning at ALU_4bit.vhd(68): signal "F_out" is read inside the Process Statement but isn't in the Process Statement's sensitivity list
Warning (10492): VHDL Process Statement warning at ALU_4bit.vhd(69): signal "F_out" is read inside the Process Statement but isn't in the Process Statement's sensitivity list
Warning (10492): VHDL Process Statement warning at ALU_4bit.vhd(70): signal "F_ov" is read inside the Process Statement but isn't in the Process Statement's sensitivity list
Warning (10492): VHDL Process Statement warning at ALU_4bit.vhd(74): signal "A0" is read inside the Process Statement but isn't in the Process Statement's sensitivity list
Warning (10492): VHDL Process Statement warning at ALU_4bit.vhd(78): signal "F_out" is read inside the Process Statement but isn't in the Process Statement's sensitivity list
Warning (10492): VHDL Process Statement warning at ALU_4bit.vhd(79): signal "F_out" is read inside the Process Statement but isn't in the Process Statement's sensitivity list
Warning (10492): VHDL Process Statement warning at ALU_4bit.vhd(80): signal "Ain" is read inside the Process Statement but isn't in the Process Statement's sensitivity list
Warning (10492): VHDL Process Statement warning at ALU_4bit.vhd(80): signal "Bin" is read inside the Process Statement but isn't in the Process Statement's sensitivity list
Warning (10492): VHDL Process Statement warning at ALU_4bit.vhd(83): signal "F_out" is read inside the Process Statement but isn't in the Process Statement's sensitivity list
Warning (10631): VHDL Process Statement warning at ALU_4bit.vhd(20): inferring latch(es) for signal or variable "F_ov", which holds its previous value in one or more paths through the process
Info (10041): Inferred latch for "F_ov[7]" at ALU_4bit.vhd(20)
Info (10041): Inferred latch for "F_ov[8]" at ALU_4bit.vhd(20)
Info (12128): Elaborating entity "DR_R" for hierarchy "CPU:inst8|DR_R:inst"
Warning (275080): Converted elements in bus name "R" using legacy naming rules. Make any assignments on the new names, not on the original names.
    Warning (275081): Converted element name(s) from "R[7..0]" to "R7..0"
Warning (275080): Converted elements in bus name "R0" using legacy naming rules. Make any assignments on the new names, not on the original names.
    Warning (275081): Converted element name(s) from "R0[7..0]" to "R07..0"
Warning (275080): Converted elements in bus name "R1" using legacy naming rules. Make any assignments on the new names, not on the original names.
    Warning (275081): Converted element name(s) from "R1[7..0]" to "R17..0"
Warning (275080): Converted elements in bus name "R2" using legacy naming rules. Make any assignments on the new names, not on the original names.
    Warning (275081): Converted element name(s) from "R2[7..0]" to "R27..0"
Warning (275080): Converted elements in bus name "R3" using legacy naming rules. Make any assignments on the new names, not on the original names.
    Warning (275081): Converted element name(s) from "R3[7..0]" to "R37..0"
Warning (275080): Converted elements in bus name "R" using legacy naming rules. Make any assignments on the new names, not on the original names.
    Warning (275081): Converted element name(s) from "R[7..0]" to "R7..0"
Warning (275080): Converted elements in bus name "R0" using legacy naming rules. Make any assignments on the new names, not on the original names.
    Warning (275081): Converted element name(s) from "R0[7..0]" to "R07..0"
Warning (275080): Converted elements in bus name "R1" using legacy naming rules. Make any assignments on the new names, not on the original names.
    Warning (275081): Converted element name(s) from "R1[7..0]" to "R17..0"
Warning (275080): Converted elements in bus name "R2" using legacy naming rules. Make any assignments on the new names, not on the original names.
    Warning (275081): Converted element name(s) from "R2[7..0]" to "R27..0"
Warning (275080): Converted elements in bus name "R3" using legacy naming rules. Make any assignments on the new names, not on the original names.
    Warning (275081): Converted element name(s) from "R3[7..0]" to "R37..0"
Info (12128): Elaborating entity "mux41_clk" for hierarchy "CPU:inst8|DR_R:inst|mux41_clk:inst"
Warning (10492): VHDL Process Statement warning at mux41_clk.vhd(17): signal "R0" is read inside the Process Statement but isn't in the Process Statement's sensitivity list
Warning (10492): VHDL Process Statement warning at mux41_clk.vhd(18): signal "R1" is read inside the Process Statement but isn't in the Process Statement's sensitivity list
Warning (10492): VHDL Process Statement warning at mux41_clk.vhd(19): signal "R2" is read inside the Process Statement but isn't in the Process Statement's sensitivity list
Warning (10492): VHDL Process Statement warning at mux41_clk.vhd(20): signal "R3" is read inside the Process Statement but isn't in the Process Statement's sensitivity list
Info (12128): Elaborating entity "Data_Reg" for hierarchy "CPU:inst8|DR_R:inst|Data_Reg:inst1"
Info (12128): Elaborating entity "mux81" for hierarchy "CPU:inst8|mux81:inst5"
Warning (10492): VHDL Process Statement warning at mux81_clk.vhd(17): signal "R0" is read inside the Process Statement but isn't in the Process Statement's sensitivity list
Warning (10492): VHDL Process Statement warning at mux81_clk.vhd(18): signal "R1" is read inside the Process Statement but isn't in the Process Statement's sensitivity list
Info (12128): Elaborating entity "data" for hierarchy "CPU:inst8|data:inst27"
Info (12128): Elaborating entity "mux21_S" for hierarchy "CPU:inst8|mux21_S:inst3_mux"
Warning (10492): VHDL Process Statement warning at mux21_S.vhd(17): signal "R0" is read inside the Process Statement but isn't in the Process Statement's sensitivity list
Warning (10492): VHDL Process Statement warning at mux21_S.vhd(18): signal "R1" is read inside the Process Statement but isn't in the Process Statement's sensitivity list
Info (12128): Elaborating entity "hex2_7seg" for hierarchy "hex2_7seg:inst6"
Info (12128): Elaborating entity "bcd_7seg" for hierarchy "hex2_7seg:inst6|bcd_7seg:H1"
Warning (13046): Tri-state node(s) do not directly drive top-level pin(s)
    Warning (13047): Converted the fan-out from the tri-state buffer "CPU:inst8|DR_R:inst|inst2[7]" to the node "CPU:inst8|ALU_4bit:inst1|F_out" into an OR gate
    Warning (13047): Converted the fan-out from the tri-state buffer "CPU:inst8|DR_R:inst|inst2[6]" to the node "CPU:inst8|ALU_4bit:inst1|F_out" into an OR gate
    Warning (13047): Converted the fan-out from the tri-state buffer "CPU:inst8|DR_R:inst|inst2[5]" to the node "CPU:inst8|ALU_4bit:inst1|F_out" into an OR gate
    Warning (13047): Converted the fan-out from the tri-state buffer "CPU:inst8|DR_R:inst|inst2[4]" to the node "CPU:inst8|ALU_4bit:inst1|F_out" into an OR gate
    Warning (13047): Converted the fan-out from the tri-state buffer "CPU:inst8|DR_R:inst|inst2[3]" to the node "CPU:inst8|ALU_4bit:inst1|F_out" into an OR gate
    Warning (13047): Converted the fan-out from the tri-state buffer "CPU:inst8|DR_R:inst|inst2[2]" to the node "CPU:inst8|ALU_4bit:inst1|F_out" into an OR gate
    Warning (13047): Converted the fan-out from the tri-state buffer "CPU:inst8|DR_R:inst|inst2[1]" to the node "CPU:inst8|ALU_4bit:inst1|F_out" into an OR gate
    Warning (13047): Converted the fan-out from the tri-state buffer "CPU:inst8|DR_R:inst|inst2[0]" to the node "CPU:inst8|ALU_4bit:inst1|F_out" into an OR gate
    Warning (13047): Converted the fan-out from the tri-state buffer "CPU:inst8|DR_R:inst|inst4[7]" to the node "CPU:inst8|ALU_4bit:inst1|F_out" into an OR gate
    Warning (13047): Converted the fan-out from the tri-state buffer "CPU:inst8|DR_R:inst|inst4[6]" to the node "CPU:inst8|ALU_4bit:inst1|F_out" into an OR gate
    Warning (13047): Converted the fan-out from the tri-state buffer "CPU:inst8|DR_R:inst|inst4[5]" to the node "CPU:inst8|ALU_4bit:inst1|F_out" into an OR gate
    Warning (13047): Converted the fan-out from the tri-state buffer "CPU:inst8|DR_R:inst|inst4[4]" to the node "CPU:inst8|ALU_4bit:inst1|F_out" into an OR gate
    Warning (13047): Converted the fan-out from the tri-state buffer "CPU:inst8|DR_R:inst|inst4[3]" to the node "CPU:inst8|ALU_4bit:inst1|F_out" into an OR gate
    Warning (13047): Converted the fan-out from the tri-state buffer "CPU:inst8|DR_R:inst|inst4[2]" to the node "CPU:inst8|ALU_4bit:inst1|F_out" into an OR gate
    Warning (13047): Converted the fan-out from the tri-state buffer "CPU:inst8|DR_R:inst|inst4[1]" to the node "CPU:inst8|ALU_4bit:inst1|F_out" into an OR gate
    Warning (13047): Converted the fan-out from the tri-state buffer "CPU:inst8|DR_R:inst|inst4[0]" to the node "CPU:inst8|ALU_4bit:inst1|F_out" into an OR gate
Warning (13012): Latch CPU:inst8|ALU_4bit:inst1|F_ov[8] has unsafe behavior
    Warning (13013): Ports D and ENA on the latch are fed by the same signal CPU:inst8|IR_8bit:inst4|Q1[7]
Warning (13012): Latch CPU:inst8|ALU_4bit:inst1|F_ov[7] has unsafe behavior
    Warning (13013): Ports D and ENA on the latch are fed by the same signal CPU:inst8|IR_8bit:inst4|Q1[7]
Warning (13024): Output pins are stuck at VCC or GND
    Warning (13410): Pin "HEX3[5]" is stuck at GND
    Warning (13410): Pin "HEX3[0]" is stuck at GND
    Warning (13410): Pin "HEX5[5]" is stuck at GND
    Warning (13410): Pin "HEX5[0]" is stuck at GND
    Warning (13410): Pin "HEX7[5]" is stuck at GND
    Warning (13410): Pin "HEX7[0]" is stuck at GND
Info (16010): Generating hard_block partition "hard_block:auto_generated_inst"
    Info (16011): Adding 0 node(s), including 0 DDIO, 0 PLL, 0 transceiver and 0 LCELL
Info (21057): Implemented 452 device resources after synthesis - the final resource count might be different
    Info (21058): Implemented 11 input pins
    Info (21059): Implemented 124 output pins
    Info (21061): Implemented 309 logic cells
    Info (21064): Implemented 8 RAM segments
Info: Quartus II 64-Bit Analysis & Synthesis was successful. 0 errors, 161 warnings
    Info: Peak virtual memory: 4660 megabytes
    Info: Processing ended: Wed Jul 07 00:28:45 2021
    Info: Elapsed time: 00:00:02
    Info: Total CPU time (on all processors): 00:00:02


